In file included from [01m[K/home/r-taro-o/hunterSE_ws/src/hunter_ros2/hunter_base/src/hunter_base_ros.cpp:12[m[K:
[01m[K/home/r-taro-o/hunterSE_ws/src/hunter_ros2/hunter_base/include/hunter_base/hunter_messenger.hpp:21:10:[m[K [01;31m[Kfatal error: [m[Ktf2_geometry_msgs/tf2_geometry_msgs.hpp: No such file or directory
   21 | #include [01;31m[K<tf2_geometry_msgs/tf2_geometry_msgs.hpp>[m[K
      |          [01;31m[K^~~~~~~~~~~~~~~~~~~~~~~~~~~~~~~~~~~~~~~~~[m[K
compilation terminated.
gmake[2]: *** [CMakeFiles/hunter_base_node.dir/build.make:76: CMakeFiles/hunter_base_node.dir/src/hunter_base_ros.cpp.o] Error 1
gmake[2]: *** Waiting for unfinished jobs....
In file included from [01m[K/home/r-taro-o/hunterSE_ws/src/hunter_ros2/hunter_base/ascent/include/ascent/Recorder.h:25[m[K,
                 from [01m[K/home/r-taro-o/hunterSE_ws/src/hunter_ros2/hunter_base/ascent/include/ascent/Ascent.h:17[m[K,
                 from [01m[K/home/r-taro-o/hunterSE_ws/src/hunter_ros2/hunter_base/include/hunter_base/bicycle_model.hpp:19[m[K,
                 from [01m[K/home/r-taro-o/hunterSE_ws/src/hunter_ros2/hunter_base/src/bicycle_model.cpp:10[m[K:
[01m[K/home/r-taro-o/hunterSE_ws/src/hunter_ros2/hunter_base/ascent/include/ascent/containers/stack.h:54:7:[m[K [01;35m[Kwarning: [m[Ktype qualifiers ignored on function return type [[01;35m[K]8;;https://gcc.gnu.org/onlinedocs/gcc/Warning-Options.html#index-Wignored-qualifiers-Wignored-qualifiers]8;;[m[K]
   54 |       [01;35m[Kconst[m[K pointer operator->() const noexcept
      |       [01;35m[K^~~~~[m[K
[01m[K/home/r-taro-o/hunterSE_ws/src/hunter_ros2/hunter_base/ascent/include/ascent/containers/stack.h:113:7:[m[K [01;35m[Kwarning: [m[Ktype qualifiers ignored on function return type [[01;35m[K]8;;https://gcc.gnu.org/onlinedocs/gcc/Warning-Options.html#index-Wignored-qualifiers-Wignored-qualifiers]8;;[m[K]
  113 |       [01;35m[Kconst[m[K pointer operator->() const
      |       [01;35m[K^~~~~[m[K
In file included from [01m[K/home/r-taro-o/hunterSE_ws/src/hunter_ros2/hunter_base/ascent/include/ascent/integrators/RK2.h:17[m[K,
                 from [01m[K/home/r-taro-o/hunterSE_ws/src/hunter_ros2/hunter_base/ascent/include/ascent/Ascent.h:26[m[K,
                 from [01m[K/home/r-taro-o/hunterSE_ws/src/hunter_ros2/hunter_base/include/hunter_base/bicycle_model.hpp:19[m[K,
                 from [01m[K/home/r-taro-o/hunterSE_ws/src/hunter_ros2/hunter_base/src/bicycle_model.cpp:10[m[K:
[01m[K/home/r-taro-o/hunterSE_ws/src/hunter_ros2/hunter_base/ascent/include/ascent/Utility.h:25:14:[m[K [01;35m[Kwarning: [m[Ktype qualifiers ignored on function return type [[01;35m[K]8;;https://gcc.gnu.org/onlinedocs/gcc/Warning-Options.html#index-Wignored-qualifiers-Wignored-qualifiers]8;;[m[K]
   25 |    constexpr [01;35m[Kconst[m[K value_t cx(long double v) { return static_cast<value_t>(v); }
      |              [01;35m[K^~~~~[m[K
[01m[K/home/r-taro-o/hunterSE_ws/src/hunter_ros2/hunter_base/ascent/include/ascent/Utility.h:26:14:[m[K [01;35m[Kwarning: [m[Ktype qualifiers ignored on function return type [[01;35m[K]8;;https://gcc.gnu.org/onlinedocs/gcc/Warning-Options.html#index-Wignored-qualifiers-Wignored-qualifiers]8;;[m[K]
   26 |    constexpr [01;35m[Kconst[m[K value_t operator"" _v(long double v) { return static_cast<value_t>(v); }
      |              [01;35m[K^~~~~[m[K
gmake[1]: *** [CMakeFiles/Makefile2:154: CMakeFiles/hunter_base_node.dir/all] Error 2
gmake: *** [Makefile:166: all] Error 2
