-- Build package with cmake
-- Tests will not be built
-- Project will be installed to /home/r-taro-o/hunterSE_ws/install/ugv_sdk with 'make install'
--  - To install LIB components to /home/r-taro-o/hunterSE_ws/install/ugv_sdk/lib
--  - To install BIN components to /home/r-taro-o/hunterSE_ws/install/ugv_sdk/bin
--  - To install INCLUDE components to /home/r-taro-o/hunterSE_ws/install/ugv_sdk/include
--  - To install CMAKE components to /home/r-taro-o/hunterSE_ws/install/ugv_sdk/share/cmake/ugv_sdk
-- Configuring done
-- Generating done
[33mCMake Warning:
  Manually-specified variables were not used by the project:

    CATKIN_SYMLINK_INSTALL

[0m
-- Build files have been written to: /home/r-taro-o/hunterSE_ws/build/ugv_sdk
[  3%] [32mBuilding CXX object CMakeFiles/ugv_sdk.dir/src/async_port/async_can.cpp.o[0m
[ 10%] [32mBuilding CXX object CMakeFiles/ugv_sdk.dir/src/utilities/protocol_detector.cpp.o[0m
[ 10%] [32mBuilding CXX object CMakeFiles/ugv_sdk.dir/src/async_port/async_serial.cpp.o[0m
[ 14%] [32mBuilding CXX object CMakeFiles/ugv_sdk.dir/src/mobile_robot/hunter_robot.cpp.o[0m
[ 21%] [32mBuilding CXX object CMakeFiles/ugv_sdk.dir/src/mobile_robot/titan_robot.cpp.o[0m
[ 21%] [32mBuilding CXX object CMakeFiles/ugv_sdk.dir/src/mobile_robot/scout_robot.cpp.o[0m
[ 25%] [32mBuilding CXX object CMakeFiles/ugv_sdk.dir/src/mobile_robot/bunker_robot.cpp.o[0m
[ 28%] [32mBuilding CXX object CMakeFiles/ugv_sdk.dir/src/mobile_robot/ranger_robot.cpp.o[0m
In file included from [01m[K/home/r-taro-o/hunterSE_ws/src/ugv_sdk/src/async_port/async_can.cpp:10[m[K:
[01m[K/home/r-taro-o/hunterSE_ws/src/ugv_sdk/include/ugv_sdk/details/async_port/async_can.hpp:24:10:[m[K [01;31m[Kfatal error: [m[Kasio.hpp: No such file or directory
   24 | #include [01;31m[K"asio.hpp"[m[K
      |          [01;31m[K^~~~~~~~~~[m[K
compilation terminated.
gmake[2]: *** [CMakeFiles/ugv_sdk.dir/build.make:90: CMakeFiles/ugv_sdk.dir/src/async_port/async_can.cpp.o] Error 1
gmake[2]: *** Waiting for unfinished jobs....
In file included from [01m[K/home/r-taro-o/hunterSE_ws/src/ugv_sdk/include/ugv_sdk/utilities/protocol_detector.hpp:15[m[K,
                 from [01m[K/home/r-taro-o/hunterSE_ws/src/ugv_sdk/src/utilities/protocol_detector.cpp:10[m[K:
[01m[K/home/r-taro-o/hunterSE_ws/src/ugv_sdk/include/ugv_sdk/details/async_port/async_can.hpp:24:10:[m[K [01;31m[Kfatal error: [m[Kasio.hpp: No such file or directory
   24 | #include [01;31m[K"asio.hpp"[m[K
      |          [01;31m[K^~~~~~~~~~[m[K
compilation terminated.
gmake[2]: *** [CMakeFiles/ugv_sdk.dir/build.make:104: CMakeFiles/ugv_sdk.dir/src/utilities/protocol_detector.cpp.o] Error 1
In file included from [01m[K/home/r-taro-o/hunterSE_ws/src/ugv_sdk/src/async_port/async_serial.cpp:10[m[K:
[01m[K/home/r-taro-o/hunterSE_ws/src/ugv_sdk/include/ugv_sdk/details/async_port/async_serial.hpp:20:10:[m[K [01;31m[Kfatal error: [m[Kasio.hpp: No such file or directory
   20 | #include [01;31m[K"asio.hpp"[m[K
      |          [01;31m[K^~~~~~~~~~[m[K
compilation terminated.
In file included from [01m[K/home/r-taro-o/hunterSE_ws/src/ugv_sdk/include/ugv_sdk/details/robot_base/agilex_base.hpp:21[m[K,
                 from [01m[K/home/r-taro-o/hunterSE_ws/src/ugv_sdk/include/ugv_sdk/details/robot_base/hunter_base.hpp:19[m[K,
                 from [01m[K/home/r-taro-o/hunterSE_ws/src/ugv_sdk/src/mobile_robot/hunter_robot.cpp:11[m[K:
[01m[K/home/r-taro-o/hunterSE_ws/src/ugv_sdk/include/ugv_sdk/details/async_port/async_can.hpp:24:10:[m[K [01;31m[Kfatal error: [m[Kasio.hpp: No such file or directory
   24 | #include [01;31m[K"asio.hpp"[m[K
      |          [01;31m[K^~~~~~~~~~[m[K
compilation terminated.
gmake[2]: *** [CMakeFiles/ugv_sdk.dir/build.make:76: CMakeFiles/ugv_sdk.dir/src/async_port/async_serial.cpp.o] Error 1
gmake[2]: *** [CMakeFiles/ugv_sdk.dir/build.make:132: CMakeFiles/ugv_sdk.dir/src/mobile_robot/hunter_robot.cpp.o] Error 1
In file included from [01m[K/home/r-taro-o/hunterSE_ws/src/ugv_sdk/include/ugv_sdk/details/robot_base/agilex_base.hpp:21[m[K,
                 from [01m[K/home/r-taro-o/hunterSE_ws/src/ugv_sdk/include/ugv_sdk/details/robot_base/scout_base.hpp:19[m[K,
                 from [01m[K/home/r-taro-o/hunterSE_ws/src/ugv_sdk/src/mobile_robot/scout_robot.cpp:11[m[K:
[01m[K/home/r-taro-o/hunterSE_ws/src/ugv_sdk/include/ugv_sdk/details/async_port/async_can.hpp:24:10:[m[K [01;31m[Kfatal error: [m[Kasio.hpp: No such file or directory
   24 | #include [01;31m[K"asio.hpp"[m[K
      |          [01;31m[K^~~~~~~~~~[m[K
compilation terminated.
gmake[2]: *** [CMakeFiles/ugv_sdk.dir/build.make:118: CMakeFiles/ugv_sdk.dir/src/mobile_robot/scout_robot.cpp.o] Error 1
In file included from [01m[K/home/r-taro-o/hunterSE_ws/src/ugv_sdk/include/ugv_sdk/details/robot_base/agilex_base.hpp:21[m[K,
                 from [01m[K/home/r-taro-o/hunterSE_ws/src/ugv_sdk/include/ugv_sdk/details/robot_base/bunker_base.hpp:19[m[K,
                 from [01m[K/home/r-taro-o/hunterSE_ws/src/ugv_sdk/src/mobile_robot/bunker_robot.cpp:11[m[K:
[01m[K/home/r-taro-o/hunterSE_ws/src/ugv_sdk/include/ugv_sdk/details/async_port/async_can.hpp:24:10:[m[K [01;31m[Kfatal error: [m[Kasio.hpp: No such file or directory
   24 | #include [01;31m[K"asio.hpp"[m[K
      |          [01;31m[K^~~~~~~~~~[m[K
compilation terminated.
gmake[2]: *** [CMakeFiles/ugv_sdk.dir/build.make:146: CMakeFiles/ugv_sdk.dir/src/mobile_robot/bunker_robot.cpp.o] Error 1
In file included from [01m[K/home/r-taro-o/hunterSE_ws/src/ugv_sdk/include/ugv_sdk/details/robot_base/agilex_base.hpp:21[m[K,
                 from [01m[K/home/r-taro-o/hunterSE_ws/src/ugv_sdk/include/ugv_sdk/details/robot_base/titan_base.hpp:18[m[K,
                 from [01m[K/home/r-taro-o/hunterSE_ws/src/ugv_sdk/include/ugv_sdk/mobile_robot/titan_robot.hpp:15[m[K,
                 from [01m[K/home/r-taro-o/hunterSE_ws/src/ugv_sdk/src/mobile_robot/titan_robot.cpp:9[m[K:
[01m[K/home/r-taro-o/hunterSE_ws/src/ugv_sdk/include/ugv_sdk/details/async_port/async_can.hpp:24:10:[m[K [01;31m[Kfatal error: [m[Kasio.hpp: No such file or directory
   24 | #include [01;31m[K"asio.hpp"[m[K
      |          [01;31m[K^~~~~~~~~~[m[K
compilation terminated.
gmake[2]: *** [CMakeFiles/ugv_sdk.dir/build.make:174: CMakeFiles/ugv_sdk.dir/src/mobile_robot/titan_robot.cpp.o] Error 1
In file included from [01m[K/home/r-taro-o/hunterSE_ws/src/ugv_sdk/include/ugv_sdk/details/robot_base/agilex_base.hpp:21[m[K,
                 from [01m[K/home/r-taro-o/hunterSE_ws/src/ugv_sdk/include/ugv_sdk/details/robot_base/ranger_base.hpp:19[m[K,
                 from [01m[K/home/r-taro-o/hunterSE_ws/src/ugv_sdk/include/ugv_sdk/mobile_robot/ranger_robot.hpp:15[m[K,
                 from [01m[K/home/r-taro-o/hunterSE_ws/src/ugv_sdk/src/mobile_robot/ranger_robot.cpp:9[m[K:
[01m[K/home/r-taro-o/hunterSE_ws/src/ugv_sdk/include/ugv_sdk/details/async_port/async_can.hpp:24:10:[m[K [01;31m[Kfatal error: [m[Kasio.hpp: No such file or directory
   24 | #include [01;31m[K"asio.hpp"[m[K
      |          [01;31m[K^~~~~~~~~~[m[K
compilation terminated.
gmake[2]: *** [CMakeFiles/ugv_sdk.dir/build.make:160: CMakeFiles/ugv_sdk.dir/src/mobile_robot/ranger_robot.cpp.o] Error 1
gmake[1]: *** [CMakeFiles/Makefile2:209: CMakeFiles/ugv_sdk.dir/all] Error 2
gmake: *** [Makefile:156: all] Error 2
