[0.028s] Invoking command in '/home/r-taro-o/hunterSE_ws/build/ugv_sdk': /usr/bin/cmake /home/r-taro-o/hunterSE_ws/src/ugv_sdk -DCATKIN_INSTALL_INTO_PREFIX_ROOT=0 -DCATKIN_SYMLINK_INSTALL=ON -DCMAKE_INSTALL_PREFIX=/home/r-taro-o/hunterSE_ws/install/ugv_sdk
[0.159s] -- Build package with cmake
[0.159s] -- Tests will not be built
[0.171s] -- Project will be installed to /home/r-taro-o/hunterSE_ws/install/ugv_sdk with 'make install'
[0.171s] --  - To install LIB components to /home/r-taro-o/hunterSE_ws/install/ugv_sdk/lib
[0.172s] --  - To install BIN components to /home/r-taro-o/hunterSE_ws/install/ugv_sdk/bin
[0.172s] --  - To install INCLUDE components to /home/r-taro-o/hunterSE_ws/install/ugv_sdk/include
[0.172s] --  - To install CMAKE components to /home/r-taro-o/hunterSE_ws/install/ugv_sdk/share/cmake/ugv_sdk
[0.186s] -- Configuring done
[0.219s] -- Generating done
[0.224s] [33mCMake Warning:
[0.224s]   Manually-specified variables were not used by the project:
[0.225s] 
[0.225s]     CATKIN_SYMLINK_INSTALL
[0.226s] 
[0.226s] [0m
[0.226s] -- Build files have been written to: /home/r-taro-o/hunterSE_ws/build/ugv_sdk
[0.229s] Invoked command in '/home/r-taro-o/hunterSE_ws/build/ugv_sdk' returned '0': /usr/bin/cmake /home/r-taro-o/hunterSE_ws/src/ugv_sdk -DCATKIN_INSTALL_INTO_PREFIX_ROOT=0 -DCATKIN_SYMLINK_INSTALL=ON -DCMAKE_INSTALL_PREFIX=/home/r-taro-o/hunterSE_ws/install/ugv_sdk
[0.233s] Invoking command in '/home/r-taro-o/hunterSE_ws/build/ugv_sdk': /usr/bin/cmake --build /home/r-taro-o/hunterSE_ws/build/ugv_sdk -- -j8 -l8
[0.310s] [  3%] [32mBuilding CXX object CMakeFiles/ugv_sdk.dir/src/async_port/async_can.cpp.o[0m
[0.314s] [ 10%] [32mBuilding CXX object CMakeFiles/ugv_sdk.dir/src/utilities/protocol_detector.cpp.o[0m
[0.315s] [ 10%] [32mBuilding CXX object CMakeFiles/ugv_sdk.dir/src/async_port/async_serial.cpp.o[0m
[0.315s] [ 14%] [32mBuilding CXX object CMakeFiles/ugv_sdk.dir/src/mobile_robot/hunter_robot.cpp.o[0m
[0.315s] [ 21%] [32mBuilding CXX object CMakeFiles/ugv_sdk.dir/src/mobile_robot/titan_robot.cpp.o[0m
[0.316s] [ 21%] [32mBuilding CXX object CMakeFiles/ugv_sdk.dir/src/mobile_robot/scout_robot.cpp.o[0m
[0.316s] [ 25%] [32mBuilding CXX object CMakeFiles/ugv_sdk.dir/src/mobile_robot/bunker_robot.cpp.o[0m
[0.326s] [ 28%] [32mBuilding CXX object CMakeFiles/ugv_sdk.dir/src/mobile_robot/ranger_robot.cpp.o[0m
[0.446s] In file included from [01m[K/home/r-taro-o/hunterSE_ws/src/ugv_sdk/src/async_port/async_can.cpp:10[m[K:
[0.446s] [01m[K/home/r-taro-o/hunterSE_ws/src/ugv_sdk/include/ugv_sdk/details/async_port/async_can.hpp:24:10:[m[K [01;31m[Kfatal error: [m[Kasio.hpp: No such file or directory
[0.447s]    24 | #include [01;31m[K"asio.hpp"[m[K
[0.447s]       |          [01;31m[K^~~~~~~~~~[m[K
[0.447s] compilation terminated.
[0.451s] gmake[2]: *** [CMakeFiles/ugv_sdk.dir/build.make:90: CMakeFiles/ugv_sdk.dir/src/async_port/async_can.cpp.o] Error 1
[0.451s] gmake[2]: *** Waiting for unfinished jobs....
[0.483s] In file included from [01m[K/home/r-taro-o/hunterSE_ws/src/ugv_sdk/include/ugv_sdk/utilities/protocol_detector.hpp:15[m[K,
[0.483s]                  from [01m[K/home/r-taro-o/hunterSE_ws/src/ugv_sdk/src/utilities/protocol_detector.cpp:10[m[K:
[0.484s] [01m[K/home/r-taro-o/hunterSE_ws/src/ugv_sdk/include/ugv_sdk/details/async_port/async_can.hpp:24:10:[m[K [01;31m[Kfatal error: [m[Kasio.hpp: No such file or directory
[0.484s]    24 | #include [01;31m[K"asio.hpp"[m[K
[0.484s]       |          [01;31m[K^~~~~~~~~~[m[K
[0.484s] compilation terminated.
[0.486s] gmake[2]: *** [CMakeFiles/ugv_sdk.dir/build.make:104: CMakeFiles/ugv_sdk.dir/src/utilities/protocol_detector.cpp.o] Error 1
[0.489s] In file included from [01m[K/home/r-taro-o/hunterSE_ws/src/ugv_sdk/src/async_port/async_serial.cpp:10[m[K:
[0.489s] [01m[K/home/r-taro-o/hunterSE_ws/src/ugv_sdk/include/ugv_sdk/details/async_port/async_serial.hpp:20:10:[m[K [01;31m[Kfatal error: [m[Kasio.hpp: No such file or directory
[0.490s]    20 | #include [01;31m[K"asio.hpp"[m[K
[0.490s]       |          [01;31m[K^~~~~~~~~~[m[K
[0.490s] compilation terminated.
[0.490s] In file included from [01m[K/home/r-taro-o/hunterSE_ws/src/ugv_sdk/include/ugv_sdk/details/robot_base/agilex_base.hpp:21[m[K,
[0.491s]                  from [01m[K/home/r-taro-o/hunterSE_ws/src/ugv_sdk/include/ugv_sdk/details/robot_base/hunter_base.hpp:19[m[K,
[0.491s]                  from [01m[K/home/r-taro-o/hunterSE_ws/src/ugv_sdk/src/mobile_robot/hunter_robot.cpp:11[m[K:
[0.491s] [01m[K/home/r-taro-o/hunterSE_ws/src/ugv_sdk/include/ugv_sdk/details/async_port/async_can.hpp:24:10:[m[K [01;31m[Kfatal error: [m[Kasio.hpp: No such file or directory
[0.491s]    24 | #include [01;31m[K"asio.hpp"[m[K
[0.492s]       |          [01;31m[K^~~~~~~~~~[m[K
[0.492s] compilation terminated.
[0.493s] gmake[2]: *** [CMakeFiles/ugv_sdk.dir/build.make:76: CMakeFiles/ugv_sdk.dir/src/async_port/async_serial.cpp.o] Error 1
[0.493s] gmake[2]: *** [CMakeFiles/ugv_sdk.dir/build.make:132: CMakeFiles/ugv_sdk.dir/src/mobile_robot/hunter_robot.cpp.o] Error 1
[0.525s] In file included from [01m[K/home/r-taro-o/hunterSE_ws/src/ugv_sdk/include/ugv_sdk/details/robot_base/agilex_base.hpp:21[m[K,
[0.525s]                  from [01m[K/home/r-taro-o/hunterSE_ws/src/ugv_sdk/include/ugv_sdk/details/robot_base/scout_base.hpp:19[m[K,
[0.525s]                  from [01m[K/home/r-taro-o/hunterSE_ws/src/ugv_sdk/src/mobile_robot/scout_robot.cpp:11[m[K:
[0.525s] [01m[K/home/r-taro-o/hunterSE_ws/src/ugv_sdk/include/ugv_sdk/details/async_port/async_can.hpp:24:10:[m[K [01;31m[Kfatal error: [m[Kasio.hpp: No such file or directory
[0.526s]    24 | #include [01;31m[K"asio.hpp"[m[K
[0.526s]       |          [01;31m[K^~~~~~~~~~[m[K
[0.526s] compilation terminated.
[0.529s] gmake[2]: *** [CMakeFiles/ugv_sdk.dir/build.make:118: CMakeFiles/ugv_sdk.dir/src/mobile_robot/scout_robot.cpp.o] Error 1
[0.531s] In file included from [01m[K/home/r-taro-o/hunterSE_ws/src/ugv_sdk/include/ugv_sdk/details/robot_base/agilex_base.hpp:21[m[K,
[0.532s]                  from [01m[K/home/r-taro-o/hunterSE_ws/src/ugv_sdk/include/ugv_sdk/details/robot_base/bunker_base.hpp:19[m[K,
[0.532s]                  from [01m[K/home/r-taro-o/hunterSE_ws/src/ugv_sdk/src/mobile_robot/bunker_robot.cpp:11[m[K:
[0.532s] [01m[K/home/r-taro-o/hunterSE_ws/src/ugv_sdk/include/ugv_sdk/details/async_port/async_can.hpp:24:10:[m[K [01;31m[Kfatal error: [m[Kasio.hpp: No such file or directory
[0.533s]    24 | #include [01;31m[K"asio.hpp"[m[K
[0.533s]       |          [01;31m[K^~~~~~~~~~[m[K
[0.533s] compilation terminated.
[0.533s] gmake[2]: *** [CMakeFiles/ugv_sdk.dir/build.make:146: CMakeFiles/ugv_sdk.dir/src/mobile_robot/bunker_robot.cpp.o] Error 1
[0.540s] In file included from [01m[K/home/r-taro-o/hunterSE_ws/src/ugv_sdk/include/ugv_sdk/details/robot_base/agilex_base.hpp:21[m[K,
[0.540s]                  from [01m[K/home/r-taro-o/hunterSE_ws/src/ugv_sdk/include/ugv_sdk/details/robot_base/titan_base.hpp:18[m[K,
[0.541s]                  from [01m[K/home/r-taro-o/hunterSE_ws/src/ugv_sdk/include/ugv_sdk/mobile_robot/titan_robot.hpp:15[m[K,
[0.541s]                  from [01m[K/home/r-taro-o/hunterSE_ws/src/ugv_sdk/src/mobile_robot/titan_robot.cpp:9[m[K:
[0.541s] [01m[K/home/r-taro-o/hunterSE_ws/src/ugv_sdk/include/ugv_sdk/details/async_port/async_can.hpp:24:10:[m[K [01;31m[Kfatal error: [m[Kasio.hpp: No such file or directory
[0.541s]    24 | #include [01;31m[K"asio.hpp"[m[K
[0.541s]       |          [01;31m[K^~~~~~~~~~[m[K
[0.541s] compilation terminated.
[0.542s] gmake[2]: *** [CMakeFiles/ugv_sdk.dir/build.make:174: CMakeFiles/ugv_sdk.dir/src/mobile_robot/titan_robot.cpp.o] Error 1
[0.561s] In file included from [01m[K/home/r-taro-o/hunterSE_ws/src/ugv_sdk/include/ugv_sdk/details/robot_base/agilex_base.hpp:21[m[K,
[0.562s]                  from [01m[K/home/r-taro-o/hunterSE_ws/src/ugv_sdk/include/ugv_sdk/details/robot_base/ranger_base.hpp:19[m[K,
[0.562s]                  from [01m[K/home/r-taro-o/hunterSE_ws/src/ugv_sdk/include/ugv_sdk/mobile_robot/ranger_robot.hpp:15[m[K,
[0.562s]                  from [01m[K/home/r-taro-o/hunterSE_ws/src/ugv_sdk/src/mobile_robot/ranger_robot.cpp:9[m[K:
[0.562s] [01m[K/home/r-taro-o/hunterSE_ws/src/ugv_sdk/include/ugv_sdk/details/async_port/async_can.hpp:24:10:[m[K [01;31m[Kfatal error: [m[Kasio.hpp: No such file or directory
[0.562s]    24 | #include [01;31m[K"asio.hpp"[m[K
[0.562s]       |          [01;31m[K^~~~~~~~~~[m[K
[0.562s] compilation terminated.
[0.565s] gmake[2]: *** [CMakeFiles/ugv_sdk.dir/build.make:160: CMakeFiles/ugv_sdk.dir/src/mobile_robot/ranger_robot.cpp.o] Error 1
[0.565s] gmake[1]: *** [CMakeFiles/Makefile2:209: CMakeFiles/ugv_sdk.dir/all] Error 2
[0.566s] gmake: *** [Makefile:156: all] Error 2
[0.571s] Invoked command in '/home/r-taro-o/hunterSE_ws/build/ugv_sdk' returned '2': /usr/bin/cmake --build /home/r-taro-o/hunterSE_ws/build/ugv_sdk -- -j8 -l8
