[0.033s] Invoking command in '/home/r-taro-o/hunterSE_ws/build/ugv_sdk': /usr/bin/cmake /home/r-taro-o/hunterSE_ws/src/ugv_sdk -DCATKIN_INSTALL_INTO_PREFIX_ROOT=0 -DCMAKE_INSTALL_PREFIX=/home/r-taro-o/hunterSE_ws/install/ugv_sdk
[0.456s] -- The C compiler identification is GNU 11.4.0
[0.925s] -- The CXX compiler identification is GNU 11.4.0
[1.118s] -- Detecting C compiler ABI info
[1.293s] -- Detecting C compiler ABI info - done
[1.307s] -- Check for working C compiler: /usr/bin/cc - skipped
[1.310s] -- Detecting C compile features
[1.313s] -- Detecting C compile features - done
[1.320s] -- Detecting CXX compiler ABI info
[1.497s] -- Detecting CXX compiler ABI info - done
[1.516s] -- Check for working CXX compiler: /usr/bin/c++ - skipped
[1.516s] -- Detecting CXX compile features
[1.518s] -- Detecting CXX compile features - done
[1.619s] -- Build package with cmake
[1.619s] -- Setting build type to 'Release' as none was specified.
[1.619s] -- Tests will not be built
[1.628s] -- Looking for pthread.h
[1.841s] -- Looking for pthread.h - found
[1.842s] -- Performing Test CMAKE_HAVE_LIBC_PTHREAD
[2.034s] -- Performing Test CMAKE_HAVE_LIBC_PTHREAD - Success
[2.036s] -- Found Threads: TRUE  
[2.046s] -- Project will be installed to /home/r-taro-o/hunterSE_ws/install/ugv_sdk with 'make install'
[2.047s] --  - To install LIB components to /home/r-taro-o/hunterSE_ws/install/ugv_sdk/lib
[2.047s] --  - To install BIN components to /home/r-taro-o/hunterSE_ws/install/ugv_sdk/bin
[2.047s] --  - To install INCLUDE components to /home/r-taro-o/hunterSE_ws/install/ugv_sdk/include
[2.048s] --  - To install CMAKE components to /home/r-taro-o/hunterSE_ws/install/ugv_sdk/share/cmake/ugv_sdk
[2.066s] -- Configuring done
[2.103s] -- Generating done
[2.105s] [33mCMake Warning:
[2.105s]   Manually-specified variables were not used by the project:
[2.105s] 
[2.106s]     CATKIN_INSTALL_INTO_PREFIX_ROOT
[2.106s] 
[2.106s] [0m
[2.107s] -- Build files have been written to: /home/r-taro-o/hunterSE_ws/build/ugv_sdk
[2.115s] Invoked command in '/home/r-taro-o/hunterSE_ws/build/ugv_sdk' returned '0': /usr/bin/cmake /home/r-taro-o/hunterSE_ws/src/ugv_sdk -DCATKIN_INSTALL_INTO_PREFIX_ROOT=0 -DCMAKE_INSTALL_PREFIX=/home/r-taro-o/hunterSE_ws/install/ugv_sdk
[2.119s] Invoking command in '/home/r-taro-o/hunterSE_ws/build/ugv_sdk': /usr/bin/cmake --build /home/r-taro-o/hunterSE_ws/build/ugv_sdk -- -j8 -l8
[2.208s] [  7%] [32mBuilding CXX object CMakeFiles/ugv_sdk.dir/src/async_port/async_can.cpp.o[0m
[2.209s] [ 10%] [32mBuilding CXX object CMakeFiles/ugv_sdk.dir/src/mobile_robot/scout_robot.cpp.o[0m
[2.211s] [ 17%] [32mBuilding CXX object CMakeFiles/ugv_sdk.dir/src/mobile_robot/hunter_robot.cpp.o[0m
[2.211s] [ 17%] [32mBuilding CXX object CMakeFiles/ugv_sdk.dir/src/mobile_robot/bunker_robot.cpp.o[0m
[2.211s] [ 17%] [32mBuilding CXX object CMakeFiles/ugv_sdk.dir/src/utilities/protocol_detector.cpp.o[0m
[2.213s] [ 21%] [32mBuilding CXX object CMakeFiles/ugv_sdk.dir/src/mobile_robot/ranger_robot.cpp.o[0m
[2.216s] [ 25%] [32mBuilding CXX object CMakeFiles/ugv_sdk.dir/src/async_port/async_serial.cpp.o[0m
[2.226s] [ 28%] [32mBuilding CXX object CMakeFiles/ugv_sdk.dir/src/mobile_robot/titan_robot.cpp.o[0m
[2.394s] In file included from [01m[K/home/r-taro-o/hunterSE_ws/src/ugv_sdk/src/async_port/async_can.cpp:10[m[K:
[2.394s] [01m[K/home/r-taro-o/hunterSE_ws/src/ugv_sdk/include/ugv_sdk/details/async_port/async_can.hpp:24:10:[m[K [01;31m[Kfatal error: [m[Kasio.hpp: No such file or directory
[2.394s]    24 | #include [01;31m[K"asio.hpp"[m[K
[2.395s]       |          [01;31m[K^~~~~~~~~~[m[K
[2.395s] compilation terminated.
[2.400s] In file included from [01m[K/home/r-taro-o/hunterSE_ws/src/ugv_sdk/include/ugv_sdk/utilities/protocol_detector.hpp:15[m[K,
[2.400s]                  from [01m[K/home/r-taro-o/hunterSE_ws/src/ugv_sdk/src/utilities/protocol_detector.cpp:10[m[K:
[2.400s] [01m[K/home/r-taro-o/hunterSE_ws/src/ugv_sdk/include/ugv_sdk/details/async_port/async_can.hpp:24:10:[m[K [01;31m[Kfatal error: [m[Kasio.hpp: No such file or directory
[2.401s]    24 | #include [01;31m[K"asio.hpp"[m[K
[2.401s]       |          [01;31m[K^~~~~~~~~~[m[K
[2.401s] compilation terminated.
[2.402s] gmake[2]: *** [CMakeFiles/ugv_sdk.dir/build.make:104: CMakeFiles/ugv_sdk.dir/src/utilities/protocol_detector.cpp.o] Error 1
[2.402s] gmake[2]: *** Waiting for unfinished jobs....
[2.406s] gmake[2]: *** [CMakeFiles/ugv_sdk.dir/build.make:90: CMakeFiles/ugv_sdk.dir/src/async_port/async_can.cpp.o] Error 1
[2.426s] In file included from [01m[K/home/r-taro-o/hunterSE_ws/src/ugv_sdk/src/async_port/async_serial.cpp:10[m[K:
[2.427s] [01m[K/home/r-taro-o/hunterSE_ws/src/ugv_sdk/include/ugv_sdk/details/async_port/async_serial.hpp:20:10:[m[K [01;31m[Kfatal error: [m[Kasio.hpp: No such file or directory
[2.427s]    20 | #include [01;31m[K"asio.hpp"[m[K
[2.427s]       |          [01;31m[K^~~~~~~~~~[m[K
[2.427s] compilation terminated.
[2.428s] gmake[2]: *** [CMakeFiles/ugv_sdk.dir/build.make:76: CMakeFiles/ugv_sdk.dir/src/async_port/async_serial.cpp.o] Error 1
[2.468s] In file included from [01m[K/home/r-taro-o/hunterSE_ws/src/ugv_sdk/include/ugv_sdk/details/robot_base/agilex_base.hpp:21[m[K,
[2.468s]                  from [01m[K/home/r-taro-o/hunterSE_ws/src/ugv_sdk/include/ugv_sdk/details/robot_base/scout_base.hpp:19[m[K,
[2.469s]                  from [01m[K/home/r-taro-o/hunterSE_ws/src/ugv_sdk/src/mobile_robot/scout_robot.cpp:11[m[K:
[2.469s] [01m[K/home/r-taro-o/hunterSE_ws/src/ugv_sdk/include/ugv_sdk/details/async_port/async_can.hpp:24:10:[m[K [01;31m[Kfatal error: [m[Kasio.hpp: No such file or directory
[2.469s]    24 | #include [01;31m[K"asio.hpp"[m[K
[2.469s]       |          [01;31m[K^~~~~~~~~~[m[K
[2.470s] In file included from [01m[K/home/r-taro-o/hunterSE_ws/src/ugv_sdk/include/ugv_sdk/details/robot_base/agilex_base.hpp:21[m[K,
[2.470s]                  from [01m[K/home/r-taro-o/hunterSE_ws/src/ugv_sdk/include/ugv_sdk/details/robot_base/hunter_base.hpp:19[m[K,
[2.470s]                  from [01m[K/home/r-taro-o/hunterSE_ws/src/ugv_sdk/src/mobile_robot/hunter_robot.cpp:11[m[K:
[2.470s] [01m[K/home/r-taro-o/hunterSE_ws/src/ugv_sdk/include/ugv_sdk/details/async_port/async_can.hpp:24:10:[m[K [01;31m[Kfatal error: [m[Kasio.hpp: No such file or directory
[2.470s]    24 | #include [01;31m[K"asio.hpp"[m[K
[2.470s]       |          [01;31m[K^~~~~~~~~~[m[K
[2.471s] In file included from [01m[K/home/r-taro-o/hunterSE_ws/src/ugv_sdk/include/ugv_sdk/details/robot_base/agilex_base.hpp:21[m[K,
[2.471s]                  from [01m[K/home/r-taro-o/hunterSE_ws/src/ugv_sdk/include/ugv_sdk/details/robot_base/bunker_base.hpp:19[m[K,
[2.471s]                  from [01m[K/home/r-taro-o/hunterSE_ws/src/ugv_sdk/src/mobile_robot/bunker_robot.cpp:11[m[K:
[2.471s] [01m[K/home/r-taro-o/hunterSE_ws/src/ugv_sdk/include/ugv_sdk/details/async_port/async_can.hpp:24:10:[m[K [01;31m[Kfatal error: [m[Kasio.hpp: No such file or directory
[2.472s]    24 | #include [01;31m[K"asio.hpp"[m[K
[2.472s]       |          [01;31m[K^~~~~~~~~~[m[K
[2.473s] compilation terminated.
[2.473s] compilation terminated.
[2.474s] compilation terminated.
[2.474s] gmake[2]: *** [CMakeFiles/ugv_sdk.dir/build.make:132: CMakeFiles/ugv_sdk.dir/src/mobile_robot/hunter_robot.cpp.o] Error 1
[2.474s] gmake[2]: *** [CMakeFiles/ugv_sdk.dir/build.make:146: CMakeFiles/ugv_sdk.dir/src/mobile_robot/bunker_robot.cpp.o] Error 1
[2.474s] gmake[2]: *** [CMakeFiles/ugv_sdk.dir/build.make:118: CMakeFiles/ugv_sdk.dir/src/mobile_robot/scout_robot.cpp.o] Error 1
[2.476s] In file included from [01m[K/home/r-taro-o/hunterSE_ws/src/ugv_sdk/include/ugv_sdk/details/robot_base/agilex_base.hpp:21[m[K,
[2.476s]                  from [01m[K/home/r-taro-o/hunterSE_ws/src/ugv_sdk/include/ugv_sdk/details/robot_base/ranger_base.hpp:19[m[K,
[2.476s]                  from [01m[K/home/r-taro-o/hunterSE_ws/src/ugv_sdk/include/ugv_sdk/mobile_robot/ranger_robot.hpp:15[m[K,
[2.476s]                  from [01m[K/home/r-taro-o/hunterSE_ws/src/ugv_sdk/src/mobile_robot/ranger_robot.cpp:9[m[K:
[2.477s] [01m[K/home/r-taro-o/hunterSE_ws/src/ugv_sdk/include/ugv_sdk/details/async_port/async_can.hpp:24:10:[m[K [01;31m[Kfatal error: [m[Kasio.hpp: No such file or directory
[2.477s]    24 | #include [01;31m[K"asio.hpp"[m[K
[2.477s]       |          [01;31m[K^~~~~~~~~~[m[K
[2.477s] compilation terminated.
[2.478s] gmake[2]: *** [CMakeFiles/ugv_sdk.dir/build.make:160: CMakeFiles/ugv_sdk.dir/src/mobile_robot/ranger_robot.cpp.o] Error 1
[2.479s] In file included from [01m[K/home/r-taro-o/hunterSE_ws/src/ugv_sdk/include/ugv_sdk/details/robot_base/agilex_base.hpp:21[m[K,
[2.479s]                  from [01m[K/home/r-taro-o/hunterSE_ws/src/ugv_sdk/include/ugv_sdk/details/robot_base/titan_base.hpp:18[m[K,
[2.479s]                  from [01m[K/home/r-taro-o/hunterSE_ws/src/ugv_sdk/include/ugv_sdk/mobile_robot/titan_robot.hpp:15[m[K,
[2.480s]                  from [01m[K/home/r-taro-o/hunterSE_ws/src/ugv_sdk/src/mobile_robot/titan_robot.cpp:9[m[K:
[2.480s] [01m[K/home/r-taro-o/hunterSE_ws/src/ugv_sdk/include/ugv_sdk/details/async_port/async_can.hpp:24:10:[m[K [01;31m[Kfatal error: [m[Kasio.hpp: No such file or directory
[2.480s]    24 | #include [01;31m[K"asio.hpp"[m[K
[2.480s]       |          [01;31m[K^~~~~~~~~~[m[K
[2.480s] compilation terminated.
[2.481s] gmake[2]: *** [CMakeFiles/ugv_sdk.dir/build.make:174: CMakeFiles/ugv_sdk.dir/src/mobile_robot/titan_robot.cpp.o] Error 1
[2.482s] gmake[1]: *** [CMakeFiles/Makefile2:209: CMakeFiles/ugv_sdk.dir/all] Error 2
[2.482s] gmake: *** [Makefile:156: all] Error 2
[2.486s] Invoked command in '/home/r-taro-o/hunterSE_ws/build/ugv_sdk' returned '2': /usr/bin/cmake --build /home/r-taro-o/hunterSE_ws/build/ugv_sdk -- -j8 -l8
